The system is: Linux - 4.15.0-45-generic - x86_64
Compiling the C compiler identification source file "CMakeCCompilerId.c" succeeded.
Compiler: /usr/bin/x86_64-linux-gnu-gcc-5 
Build flags: 
Id flags: 

The output was:
0


Compiling the C compiler identification source file "CMakeCCompilerId.c" succeeded.
Compiler: /usr/bin/x86_64-linux-gnu-gcc-5 
Build flags: 
Id flags: -c

The output was:
0


Compiling the CXX compiler identification source file "CMakeCXXCompilerId.cpp" succeeded.
Compiler: /usr/bin/x86_64-linux-gnu-g++-5 
Build flags: 
Id flags: 

The output was:
0


Compiling the CXX compiler identification source file "CMakeCXXCompilerId.cpp" succeeded.
Compiler: /usr/bin/x86_64-linux-gnu-g++-5 
Build flags: 
Id flags: -c

The output was:
0


Determining if the C compiler works passed with the following output:
Change Dir: /media/e/Work/卡尔曼滤波与组合导航/PSINS/[self]SINS/build/CMakeFiles/CMakeTmp

Run Build Command:"/usr/bin/make" "cmTC_c4efe/fast"
/usr/bin/make -f CMakeFiles/cmTC_c4efe.dir/build.make CMakeFiles/cmTC_c4efe.dir/build
make[1]: Entering directory '/media/e/Work/卡尔曼滤波与组合导航/PSINS/[self]SINS/build/CMakeFiles/CMakeTmp'
Building C object CMakeFiles/cmTC_c4efe.dir/testCCompiler.c.o
/usr/bin/x86_64-linux-gnu-gcc-5     -o CMakeFiles/cmTC_c4efe.dir/testCCompiler.c.o   -c /media/e/Work/卡尔曼滤波与组合导航/PSINS/[self]SINS/build/CMakeFiles/CMakeTmp/testCCompiler.c
Linking C executable cmTC_c4efe
/usr/bin/cmake -E cmake_link_script CMakeFiles/cmTC_c4efe.dir/link.txt --verbose=1
/usr/bin/x86_64-linux-gnu-gcc-5       CMakeFiles/cmTC_c4efe.dir/testCCompiler.c.o  -o cmTC_c4efe  
make[1]: Leaving directory '/media/e/Work/卡尔曼滤波与组合导航/PSINS/[self]SINS/build/CMakeFiles/CMakeTmp'


Detecting C compiler ABI info compiled with the following output:
Change Dir: /media/e/Work/卡尔曼滤波与组合导航/PSINS/[self]SINS/build/CMakeFiles/CMakeTmp

Run Build Command:"/usr/bin/make" "cmTC_7697c/fast"
/usr/bin/make -f CMakeFiles/cmTC_7697c.dir/build.make CMakeFiles/cmTC_7697c.dir/build
make[1]: Entering directory '/media/e/Work/卡尔曼滤波与组合导航/PSINS/[self]SINS/build/CMakeFiles/CMakeTmp'
Building C object CMakeFiles/cmTC_7697c.dir/CMakeCCompilerABI.c.o
/usr/bin/x86_64-linux-gnu-gcc-5     -o CMakeFiles/cmTC_7697c.dir/CMakeCCompilerABI.c.o   -c /usr/share/cmake-3.5/Modules/CMakeCCompilerABI.c
Linking C executable cmTC_7697c
/usr/bin/cmake -E cmake_link_script CMakeFiles/cmTC_7697c.dir/link.txt --verbose=1
/usr/bin/x86_64-linux-gnu-gcc-5       CMakeFiles/cmTC_7697c.dir/CMakeCCompilerABI.c.o  -o cmTC_7697c   
make[1]: Leaving directory '/media/e/Work/卡尔曼滤波与组合导航/PSINS/[self]SINS/build/CMakeFiles/CMakeTmp'


Determining if the CXX compiler works passed with the following output:
Change Dir: /media/e/Work/卡尔曼滤波与组合导航/PSINS/[self]SINS/build/CMakeFiles/CMakeTmp

Run Build Command:"/usr/bin/make" "cmTC_6d814/fast"
/usr/bin/make -f CMakeFiles/cmTC_6d814.dir/build.make CMakeFiles/cmTC_6d814.dir/build
make[1]: Entering directory '/media/e/Work/卡尔曼滤波与组合导航/PSINS/[self]SINS/build/CMakeFiles/CMakeTmp'
Building CXX object CMakeFiles/cmTC_6d814.dir/testCXXCompiler.cxx.o
/usr/bin/x86_64-linux-gnu-g++-5      -o CMakeFiles/cmTC_6d814.dir/testCXXCompiler.cxx.o -c /media/e/Work/卡尔曼滤波与组合导航/PSINS/[self]SINS/build/CMakeFiles/CMakeTmp/testCXXCompiler.cxx
Linking CXX executable cmTC_6d814
/usr/bin/cmake -E cmake_link_script CMakeFiles/cmTC_6d814.dir/link.txt --verbose=1
/usr/bin/x86_64-linux-gnu-g++-5        CMakeFiles/cmTC_6d814.dir/testCXXCompiler.cxx.o  -o cmTC_6d814  
make[1]: Leaving directory '/media/e/Work/卡尔曼滤波与组合导航/PSINS/[self]SINS/build/CMakeFiles/CMakeTmp'


Detecting CXX compiler ABI info compiled with the following output:
Change Dir: /media/e/Work/卡尔曼滤波与组合导航/PSINS/[self]SINS/build/CMakeFiles/CMakeTmp

Run Build Command:"/usr/bin/make" "cmTC_0a5ef/fast"
/usr/bin/make -f CMakeFiles/cmTC_0a5ef.dir/build.make CMakeFiles/cmTC_0a5ef.dir/build
make[1]: Entering directory '/media/e/Work/卡尔曼滤波与组合导航/PSINS/[self]SINS/build/CMakeFiles/CMakeTmp'
Building CXX object CMakeFiles/cmTC_0a5ef.dir/CMakeCXXCompilerABI.cpp.o
/usr/bin/x86_64-linux-gnu-g++-5      -o CMakeFiles/cmTC_0a5ef.dir/CMakeCXXCompilerABI.cpp.o -c /usr/share/cmake-3.5/Modules/CMakeCXXCompilerABI.cpp
Linking CXX executable cmTC_0a5ef
/usr/bin/cmake -E cmake_link_script CMakeFiles/cmTC_0a5ef.dir/link.txt --verbose=1
/usr/bin/x86_64-linux-gnu-g++-5        CMakeFiles/cmTC_0a5ef.dir/CMakeCXXCompilerABI.cpp.o  -o cmTC_0a5ef   
make[1]: Leaving directory '/media/e/Work/卡尔曼滤波与组合导航/PSINS/[self]SINS/build/CMakeFiles/CMakeTmp'


